<?xml version="1.0" encoding="UTF-8"?>
<!-- Generated by org.testng.reporters.JUnitReportReporter -->
<testsuite hostname="GISBIZ-LTP-85" name="reportsTestday6.CreateLead" tests="3" failures="0" timestamp="16 Aug 2018 09:05:58 GMT" time="59.354" errors="0">
  <testcase name="createLead" time="21.397" classname="reportsTestday6.CreateLead"/>
  <testcase name="createLead" time="18.502" classname="reportsTestday6.CreateLead"/>
  <testcase name="createLead" time="19.455" classname="reportsTestday6.CreateLead"/>
</testsuite> <!-- reportsTestday6.CreateLead -->
